SF:lib/core/models/auth_models.dart
DA:12,1
DA:20,0
DA:21,0
DA:22,0
DA:23,0
DA:25,0
DA:26,0
DA:28,0
DA:29,0
DA:31,0
DA:32,0
DA:34,0
DA:35,0
DA:41,0
DA:43,0
DA:44,0
DA:45,0
DA:46,0
DA:58,1
DA:66,1
DA:67,0
DA:68,1
DA:69,1
DA:70,1
DA:71,1
DA:72,0
LF:26
LH:7
end_of_record
SF:lib/core/services/config_service.dart
DA:7,1
DA:9,2
DA:12,0
DA:13,0
DA:14,0
DA:16,3
DA:18,1
DA:19,1
DA:27,1
DA:29,2
DA:32,0
DA:33,0
DA:36,3
DA:37,1
LF:14
LH:9
end_of_record
SF:lib/bloc/auth/auth_bloc.dart
DA:9,1
DA:11,2
DA:12,2
DA:13,2
DA:14,2
DA:15,2
DA:16,2
DA:17,2
DA:18,2
DA:19,2
DA:20,1
DA:21,1
DA:25,0
DA:26,0
DA:28,0
DA:30,0
DA:34,1
DA:35,2
DA:37,0
DA:41,0
DA:42,0
DA:44,0
DA:45,0
DA:47,0
DA:51,0
DA:55,0
DA:57,0
DA:58,0
DA:59,0
DA:62,0
DA:64,0
DA:67,0
DA:71,0
DA:75,0
DA:77,0
DA:79,0
DA:81,0
DA:84,0
DA:88,0
DA:92,0
DA:94,0
DA:96,0
DA:98,0
DA:101,0
DA:105,0
DA:109,0
DA:111,0
DA:112,0
DA:113,0
DA:114,0
DA:115,0
DA:121,0
DA:122,0
DA:126,0
DA:130,0
DA:134,0
DA:136,0
DA:137,0
DA:138,0
DA:141,0
DA:143,0
DA:146,0
DA:150,0
DA:154,0
DA:156,0
DA:157,0
DA:158,0
DA:161,0
DA:163,0
DA:166,0
LF:70
LH:14
end_of_record
SF:lib/bloc/auth/auth_event.dart
DA:5,1
DA:7,0
DA:8,0
DA:16,1
DA:18,0
DA:19,0
DA:28,0
DA:33,0
DA:34,0
DA:44,0
DA:46,0
DA:47,0
DA:54,0
DA:59,0
DA:60,0
DA:67,0
DA:72,0
DA:73,0
LF:18
LH:2
end_of_record
SF:lib/bloc/auth/auth_state.dart
DA:5,6
DA:7,0
DA:8,0
DA:18,0
DA:20,0
DA:21,0
DA:29,5
DA:31,0
DA:32,0
DA:39,0
DA:44,0
DA:45,0
LF:12
LH:2
end_of_record
SF:lib/core/repositories/auth_repository.dart
DA:8,0
DA:11,0
DA:13,0
DA:15,0
DA:19,0
DA:22,0
DA:23,0
DA:26,0
DA:27,0
DA:30,0
DA:35,0
DA:37,0
DA:42,0
DA:43,0
DA:44,0
DA:47,0
DA:50,0
DA:51,0
DA:53,0
DA:54,0
DA:56,0
DA:62,0
DA:66,0
DA:72,0
DA:73,0
DA:76,0
DA:80,0
LF:27
LH:0
end_of_record
SF:lib/bloc/theme/theme_bloc.dart
DA:14,0
DA:20,1
DA:24,1
DA:28,0
DA:35,1
DA:37,3
DA:38,2
DA:39,2
DA:40,2
DA:43,1
DA:47,2
DA:48,0
DA:51,0
DA:55,0
DA:56,0
DA:59,0
DA:60,0
DA:61,0
LF:18
LH:9
end_of_record
SF:lib/core/services/theme_service.dart
DA:11,0
DA:22,1
DA:24,1
DA:25,0
DA:28,0
DA:33,0
DA:36,0
DA:39,0
DA:43,0
DA:44,0
DA:47,0
DA:52,0
DA:53,0
DA:54,0
DA:58,0
DA:59,0
DA:60,0
DA:61,0
DA:62,0
DA:63,0
DA:64,0
DA:65,0
DA:66,0
DA:67,0
DA:69,0
DA:75,1
DA:76,1
DA:77,0
DA:78,0
DA:79,0
DA:80,0
DA:81,0
DA:82,0
DA:83,0
DA:84,0
DA:85,0
DA:87,0
DA:88,0
DA:89,0
DA:90,0
DA:91,0
DA:92,0
DA:94,0
DA:95,0
DA:96,0
DA:98,0
DA:99,0
DA:100,0
DA:101,0
DA:103,0
DA:104,0
DA:105,0
DA:106,0
DA:108,0
DA:109,0
DA:110,0
DA:112,0
DA:113,0
DA:114,0
DA:116,0
DA:122,2
DA:123,2
DA:124,1
DA:125,2
DA:126,2
DA:127,2
DA:128,1
DA:130,2
DA:131,3
DA:132,2
DA:133,2
DA:135,1
DA:136,1
DA:137,2
DA:145,1
DA:146,1
DA:147,5
DA:148,2
DA:149,3
LF:79
LH:23
end_of_record
SF:lib/core/models/theme_config.dart
DA:12,1
DA:22,0
DA:23,0
DA:24,0
DA:25,0
DA:26,0
DA:27,0
DA:28,0
DA:29,0
DA:30,0
DA:34,0
DA:35,0
DA:36,0
DA:37,0
DA:38,0
DA:39,0
DA:40,0
DA:41,0
DA:42,0
DA:47,0
DA:48,0
DA:49,0
DA:50,0
DA:51,0
LF:24
LH:1
end_of_record
SF:lib/core/models/auth_config.dart
DA:8,0
DA:16,0
DA:17,0
DA:18,0
DA:19,0
DA:20,0
DA:21,0
DA:22,0
DA:26,0
DA:27,0
DA:28,0
DA:29,0
DA:30,0
DA:31,0
DA:32,0
LF:15
LH:0
end_of_record
SF:lib/core/services/auth_service.dart
DA:10,2
DA:11,1
DA:14,1
DA:15,2
DA:17,1
DA:21,0
DA:22,0
DA:24,0
DA:29,1
DA:34,2
DA:38,3
DA:40,2
DA:46,0
DA:48,0
DA:52,0
DA:53,0
DA:54,0
DA:55,0
DA:58,0
DA:59,0
DA:61,0
DA:67,0
DA:69,0
DA:70,0
DA:76,0
DA:78,0
DA:79,0
DA:80,0
DA:83,0
DA:84,0
DA:86,0
DA:92,0
DA:99,0
DA:109,0
DA:114,0
DA:119,0
DA:120,0
DA:122,0
DA:128,1
DA:129,2
DA:130,0
DA:134,1
DA:139,2
DA:143,3
DA:145,2
LF:45
LH:15
end_of_record
SF:lib/core/services/auth_config_service.dart
DA:10,0
DA:19,0
DA:21,0
DA:22,0
DA:25,0
DA:30,0
DA:33,0
DA:36,0
DA:40,0
DA:41,0
DA:44,0
DA:49,0
DA:50,0
DA:51,0
LF:14
LH:0
end_of_record
SF:lib/ui/components/auth_button.dart
DA:10,0
DA:17,0
DA:19,0
DA:21,0
DA:24,0
DA:25,0
DA:26,0
DA:27,0
DA:28,0
DA:29,0
DA:30,0
DA:34,0
DA:36,0
DA:37,0
LF:14
LH:0
end_of_record
SF:lib/ui/components/auth_divider.dart
DA:6,10
DA:8,0
DA:10,0
DA:11,0
DA:13,0
DA:15,0
LF:6
LH:1
end_of_record
SF:lib/ui/components/auth_text_field.dart
DA:11,0
DA:19,0
DA:21,0
DA:23,0
DA:25,0
DA:26,0
DA:27,0
DA:31,0
DA:32,0
DA:33,0
DA:34,0
DA:35,0
DA:36,0
DA:37,0
DA:42,0
LF:15
LH:0
end_of_record
SF:lib/ui/components/dynamic_ui_factory.dart
DA:9,0
DA:10,0
DA:14,0
DA:17,0
DA:18,0
DA:19,0
DA:20,0
DA:21,0
DA:22,0
DA:23,0
DA:24,0
DA:25,0
DA:26,0
DA:27,0
DA:28,0
DA:29,0
DA:30,0
DA:31,0
DA:32,0
DA:33,0
DA:34,0
DA:35,0
DA:36,0
DA:37,0
DA:38,0
DA:39,0
DA:40,0
DA:41,0
DA:42,0
DA:43,0
DA:44,0
DA:45,0
DA:46,0
DA:47,0
DA:48,0
DA:49,0
DA:50,0
DA:51,0
DA:52,0
DA:53,0
DA:54,0
DA:55,0
DA:56,0
DA:58,0
DA:62,0
DA:67,0
DA:68,0
DA:69,0
DA:70,0
DA:72,0
DA:73,0
DA:76,0
DA:77,0
DA:78,0
DA:83,0
DA:84,0
DA:87,0
DA:88,0
DA:94,0
DA:98,0
DA:100,0
DA:101,0
DA:106,0
DA:110,0
DA:111,0
DA:113,0
DA:114,0
DA:119,0
DA:120,0
DA:121,0
DA:122,0
DA:124,0
DA:125,0
DA:128,0
DA:129,0
DA:131,0
DA:136,0
DA:139,0
DA:140,0
DA:146,0
DA:147,0
DA:148,0
DA:149,0
DA:151,0
DA:152,0
DA:155,0
DA:156,0
DA:158,0
DA:163,0
DA:166,0
DA:167,0
DA:173,0
DA:177,0
DA:178,0
DA:179,0
DA:180,0
DA:181,0
DA:183,0
DA:184,0
DA:186,0
DA:189,0
DA:190,0
DA:191,0
DA:192,0
DA:196,0
DA:202,0
DA:207,0
DA:211,0
DA:212,0
DA:213,0
DA:214,0
DA:215,0
DA:217,0
DA:219,0
DA:220,0
DA:226,0
DA:227,0
DA:228,0
DA:229,0
DA:230,0
DA:233,0
DA:234,0
DA:237,0
DA:238,0
DA:241,0
DA:244,0
DA:249,0
DA:250,0
DA:251,0
DA:252,0
DA:253,0
DA:255,0
DA:260,0
DA:261,0
DA:262,0
DA:263,0
DA:266,0
DA:267,0
DA:268,0
DA:269,0
DA:274,0
DA:275,0
DA:276,0
DA:280,0
DA:281,0
DA:287,0
DA:288,0
DA:289,0
DA:290,0
DA:291,0
DA:292,0
DA:294,0
DA:296,0
DA:297,0
DA:303,0
DA:307,0
DA:309,0
DA:310,0
DA:311,0
DA:313,0
DA:314,0
DA:316,0
DA:320,0
DA:321,0
DA:322,0
DA:324,0
DA:327,0
DA:331,0
DA:333,0
DA:334,0
DA:335,0
DA:336,0
DA:337,0
DA:339,0
DA:340,0
DA:343,0
DA:350,0
DA:351,0
DA:352,0
DA:353,0
DA:354,0
DA:355,0
DA:357,0
DA:360,0
DA:362,0
DA:365,0
DA:366,0
DA:372,0
DA:376,0
DA:377,0
DA:379,0
DA:380,0
DA:381,0
DA:383,0
DA:385,0
DA:388,0
DA:392,0
DA:393,0
DA:394,0
DA:395,0
DA:397,0
DA:403,0
DA:404,0
DA:405,0
DA:407,0
DA:410,0
DA:414,0
DA:415,0
DA:416,0
DA:418,0
DA:420,0
DA:422,0
DA:423,0
DA:425,0
DA:426,0
DA:427,0
DA:428,0
DA:430,0
DA:432,0
DA:433,0
DA:441,0
DA:443,0
DA:452,0
DA:456,0
DA:457,0
DA:458,0
DA:460,0
DA:462,0
DA:464,0
DA:465,0
DA:467,0
DA:468,0
DA:469,0
DA:470,0
DA:472,0
DA:474,0
DA:475,0
DA:482,0
DA:484,0
DA:493,0
DA:497,0
DA:499,0
DA:500,0
DA:501,0
DA:503,0
DA:504,0
DA:506,0
DA:508,0
DA:510,0
DA:511,0
DA:512,0
DA:519,0
DA:520,0
DA:521,0
DA:524,0
DA:525,0
DA:532,0
DA:536,0
DA:538,0
DA:539,0
DA:540,0
DA:541,0
DA:542,0
DA:546,0
DA:548,0
DA:550,0
DA:552,0
DA:554,0
DA:556,0
DA:558,0
DA:560,0
DA:562,0
DA:564,0
DA:566,0
DA:568,0
DA:575,0
DA:577,0
DA:578,0
DA:579,0
DA:580,0
DA:582,0
DA:587,0
DA:590,0
DA:591,0
DA:592,0
DA:593,0
DA:594,0
DA:595,0
DA:596,0
DA:597,0
DA:598,0
DA:599,0
DA:600,0
DA:601,0
DA:602,0
DA:603,0
DA:605,0
DA:606,0
DA:612,0
DA:615,0
DA:616,0
DA:617,0
DA:618,0
DA:619,0
DA:620,0
DA:621,0
DA:622,0
DA:629,0
DA:631,0
DA:633,0
DA:635,0
DA:637,0
DA:639,0
DA:646,0
DA:648,0
DA:650,0
DA:652,0
DA:654,0
DA:656,0
DA:658,0
DA:665,0
DA:667,0
DA:669,0
DA:671,0
DA:673,0
DA:675,0
DA:677,0
DA:684,0
DA:686,0
DA:688,0
DA:690,0
DA:692,0
DA:694,0
DA:696,0
DA:698,0
DA:705,0
DA:709,0
DA:711,0
DA:713,0
DA:715,0
DA:717,0
DA:719,0
DA:721,0
DA:723,0
DA:725,0
DA:727,0
DA:729,0
DA:731,0
DA:733,0
DA:735,0
DA:737,0
DA:739,0
DA:741,0
DA:743,0
DA:745,0
DA:747,0
DA:749,0
DA:751,0
DA:753,0
DA:755,0
DA:757,0
DA:759,0
DA:761,0
DA:763,0
DA:765,0
DA:767,0
DA:769,0
DA:771,0
DA:773,0
DA:775,0
DA:777,0
DA:779,0
DA:781,0
DA:783,0
DA:785,0
DA:787,0
DA:794,0
DA:802,0
DA:803,0
DA:804,0
DA:805,0
DA:806,0
DA:809,0
DA:810,0
DA:812,0
DA:815,0
DA:816,0
DA:817,0
DA:821,0
DA:825,0
DA:829,0
DA:831,0
DA:833,0
DA:835,0
DA:837,0
DA:839,0
DA:841,0
DA:843,0
DA:855,0
DA:859,0
DA:861,0
DA:863,0
DA:866,0
DA:868,0
LF:404
LH:0
end_of_record
SF:lib/ui/screen/login_screen.dart
DA:17,11
DA:19,0
DA:20,0
DA:29,0
DA:31,0
DA:32,0
DA:35,0
DA:37,0
DA:38,0
DA:39,0
DA:42,0
DA:44,0
DA:45,0
DA:46,0
DA:47,0
DA:48,0
DA:49,0
DA:51,0
DA:52,0
DA:54,0
DA:55,0
DA:56,0
DA:58,0
DA:61,0
DA:62,0
DA:64,0
DA:66,0
DA:78,0
DA:79,0
DA:85,0
DA:86,0
DA:89,0
DA:90,0
DA:91,0
DA:92,0
DA:97,0
DA:98,0
DA:99,0
DA:105,0
DA:106,0
DA:107,0
DA:109,0
DA:110,0
DA:117,0
DA:119,0
DA:120,0
DA:121,0
DA:123,0
DA:125,0
DA:126,0
DA:127,0
DA:128,0
DA:129,0
DA:130,0
DA:156,0
DA:157,0
DA:158,0
DA:159,0
DA:160,0
DA:161,0
DA:164,0
DA:166,0
DA:167,0
DA:168,0
DA:172,0
DA:174,0
DA:175,0
DA:176,0
DA:179,0
DA:185,0
DA:186,0
DA:187,0
DA:193,0
DA:194,0
DA:195,0
DA:196,0
DA:201,0
DA:202,0
DA:203,0
DA:204,0
DA:207,0
DA:208,0
DA:209,0
DA:210,0
DA:211,0
DA:212,0
LF:86
LH:1
end_of_record
SF:lib/ui/components/social_auth_button.dart
DA:8,0
DA:13,0
DA:15,0
DA:17,0
DA:20,0
DA:21,0
DA:22,0
DA:23,0
DA:24,0
DA:27,0
DA:28,0
LF:11
LH:0
end_of_record
SF:lib/ui/screen/dashboard_screen.dart
DA:6,16
DA:8,0
DA:9,0
DA:16,0
DA:18,0
DA:19,0
DA:22,0
DA:24,0
DA:25,0
DA:26,0
DA:27,0
DA:33,0
DA:34,0
DA:35,0
DA:36,0
DA:41,0
DA:42,0
DA:43,0
DA:46,0
DA:48,0
DA:51,0
DA:52,0
DA:54,0
DA:55,0
DA:56,0
DA:57,0
DA:58,0
DA:63,0
DA:64,0
DA:65,0
DA:66,0
DA:68,0
DA:69,0
DA:79,0
DA:83,0
DA:84,0
DA:85,0
DA:86,0
DA:89,0
LF:39
LH:1
end_of_record
SF:lib/ui/screen/signup_screen.dart
DA:15,5
DA:17,0
DA:18,0
DA:26,0
DA:28,0
DA:29,0
DA:30,0
DA:33,0
DA:35,0
DA:36,0
DA:37,0
DA:38,0
DA:39,0
DA:40,0
DA:42,0
DA:43,0
DA:45,0
DA:48,0
DA:49,0
DA:51,0
DA:53,0
DA:65,0
DA:66,0
DA:72,0
DA:73,0
DA:76,0
DA:77,0
DA:78,0
DA:79,0
DA:84,0
DA:85,0
DA:86,0
DA:97,0
DA:98,0
DA:99,0
DA:101,0
DA:102,0
DA:109,0
DA:111,0
DA:112,0
DA:113,0
DA:115,0
DA:117,0
DA:118,0
DA:119,0
DA:120,0
DA:121,0
DA:122,0
DA:148,0
DA:149,0
DA:150,0
DA:151,0
DA:152,0
DA:155,0
DA:158,0
DA:162,0
DA:165,0
DA:168,0
DA:174,0
DA:175,0
DA:176,0
DA:182,0
DA:183,0
DA:191,0
DA:192,0
DA:193,0
DA:194,0
DA:199,0
DA:200,0
DA:201,0
DA:202,0
LF:71
LH:1
end_of_record
SF:lib/ui/screen/phone_auth_screen.dart
DA:12,10
DA:14,0
DA:15,0
DA:25,0
DA:27,0
DA:28,0
DA:31,0
DA:33,0
DA:34,0
DA:35,0
DA:38,0
DA:40,0
DA:41,0
DA:45,0
DA:47,0
DA:48,0
DA:49,0
DA:50,0
DA:51,0
DA:52,0
DA:54,0
DA:55,0
DA:56,0
DA:57,0
DA:59,0
DA:60,0
DA:62,0
DA:65,0
DA:66,0
DA:68,0
DA:70,0
DA:72,0
DA:73,0
DA:80,0
DA:81,0
DA:87,0
DA:88,0
DA:89,0
DA:90,0
DA:91,0
DA:92,0
DA:93,0
DA:94,0
DA:106,0
DA:107,0
DA:109,0
DA:115,0
DA:116,0
DA:117,0
DA:118,0
DA:120,0
DA:121,0
DA:122,0
DA:127,0
DA:128,0
DA:129,0
DA:137,0
DA:138,0
DA:139,0
DA:142,0
DA:158,0
DA:159,0
DA:161,0
DA:167,0
DA:168,0
DA:173,0
DA:174,0
DA:177,0
DA:184,0
DA:185,0
DA:186,0
DA:187,0
DA:188,0
DA:189,0
DA:193,0
DA:194,0
DA:195,0
DA:204,0
DA:207,0
DA:208,0
DA:211,0
DA:218,0
DA:219,0
DA:220,0
DA:223,0
DA:230,0
DA:236,0
DA:237,0
DA:238,0
DA:245,0
DA:247,0
DA:248,0
DA:249,0
DA:252,0
LF:94
LH:1
end_of_record
SF:lib/main.dart
DA:14,0
DA:15,0
DA:16,0
DA:17,0
DA:21,2
DA:23,1
DA:25,1
DA:26,1
DA:27,3
DA:28,1
DA:30,1
DA:31,1
DA:33,3
DA:35,1
DA:36,1
DA:37,1
DA:39,1
DA:40,1
DA:41,0
DA:43,1
DA:45,1
DA:46,2
DA:47,2
DA:50,1
DA:51,1
DA:52,1
DA:53,2
DA:55,1
DA:58,1
DA:59,0
DA:60,0
LF:31
LH:24
end_of_record
